[2023-06-25T05:43:31.084+0000] {taskinstance.py:1084} INFO - Dependencies all met for dep_context=non-requeueable deps ti=<TaskInstance: spark_etl_minio_v11.spark_submit_task manual__2023-06-25T05:37:32.948188+00:00 [queued]>
[2023-06-25T05:43:31.095+0000] {taskinstance.py:1084} INFO - Dependencies all met for dep_context=requeueable deps ti=<TaskInstance: spark_etl_minio_v11.spark_submit_task manual__2023-06-25T05:37:32.948188+00:00 [queued]>
[2023-06-25T05:43:31.095+0000] {taskinstance.py:1282} INFO - 
--------------------------------------------------------------------------------
[2023-06-25T05:43:31.095+0000] {taskinstance.py:1283} INFO - Starting attempt 4 of 8
[2023-06-25T05:43:31.095+0000] {taskinstance.py:1284} INFO - 
--------------------------------------------------------------------------------
[2023-06-25T05:43:31.111+0000] {taskinstance.py:1303} INFO - Executing <Task(SparkSubmitOperator): spark_submit_task> on 2023-06-25 05:37:32.948188+00:00
[2023-06-25T05:43:31.115+0000] {standard_task_runner.py:55} INFO - Started process 23671 to run task
[2023-06-25T05:43:31.119+0000] {standard_task_runner.py:82} INFO - Running: ['***', 'tasks', 'run', 'spark_etl_minio_v11', 'spark_submit_task', 'manual__2023-06-25T05:37:32.948188+00:00', '--job-id', '219', '--raw', '--subdir', 'DAGS_FOLDER/spark_job_minio_v1.py', '--cfg-path', '/tmp/tmp6hzqfrqx']
[2023-06-25T05:43:31.119+0000] {standard_task_runner.py:83} INFO - Job 219: Subtask spark_submit_task
[2023-06-25T05:43:31.132+0000] {warnings.py:109} WARNING - /home/***/.local/lib/python3.8/site-packages/***/settings.py:250: DeprecationWarning: The sql_alchemy_conn option in [core] has been moved to the sql_alchemy_conn option in [database] - the old setting has been used, but please update your config.
  SQL_ALCHEMY_CONN = conf.get("database", "SQL_ALCHEMY_CONN")

[2023-06-25T05:43:31.181+0000] {task_command.py:388} INFO - Running <TaskInstance: spark_etl_minio_v11.spark_submit_task manual__2023-06-25T05:37:32.948188+00:00 [running]> on host a8d69ab09d2d
[2023-06-25T05:43:31.239+0000] {taskinstance.py:1509} INFO - Exporting the following env vars:
AIRFLOW_CTX_DAG_OWNER=***
AIRFLOW_CTX_DAG_ID=spark_etl_minio_v11
AIRFLOW_CTX_TASK_ID=spark_submit_task
AIRFLOW_CTX_EXECUTION_DATE=2023-06-25T05:37:32.948188+00:00
AIRFLOW_CTX_TRY_NUMBER=4
AIRFLOW_CTX_DAG_RUN_ID=manual__2023-06-25T05:37:32.948188+00:00
[2023-06-25T05:43:31.247+0000] {base.py:73} INFO - Using connection ID 'spark_conn' for task execution.
[2023-06-25T05:43:31.249+0000] {spark_submit.py:341} INFO - Spark-Submit cmd: spark-submit --master spark://spark:7077 --conf spark.jars=local:///opt/spark/jars/hadoop-aws-3.2.0.jar,local:///opt/spark/jars/aws-java-sdk-bundle-1.11.375.jar --name arrow-spark /opt/***/dags/spark_etl_spark_minio.py
[2023-06-25T05:43:32.873+0000] {spark_submit.py:492} INFO - WARNING: An illegal reflective access operation has occurred
[2023-06-25T05:43:32.874+0000] {spark_submit.py:492} INFO - WARNING: Illegal reflective access by org.apache.spark.unsafe.Platform (file:/opt/spark/jars/spark-unsafe_2.12-3.2.0.jar) to constructor java.nio.DirectByteBuffer(long,int)
[2023-06-25T05:43:32.874+0000] {spark_submit.py:492} INFO - WARNING: Please consider reporting this to the maintainers of org.apache.spark.unsafe.Platform
[2023-06-25T05:43:32.874+0000] {spark_submit.py:492} INFO - WARNING: Use --illegal-access=warn to enable warnings of further illegal reflective access operations
[2023-06-25T05:43:32.874+0000] {spark_submit.py:492} INFO - WARNING: All illegal access operations will be denied in a future release
[2023-06-25T05:43:33.210+0000] {spark_submit.py:492} INFO - Using Spark's default log4j profile: org/apache/spark/log4j-defaults.properties
[2023-06-25T05:43:33.210+0000] {spark_submit.py:492} INFO - 23/06/25 05:43:33 WARN DependencyUtils: Local jar /opt/spark/jars/hadoop-aws-3.2.0.jar does not exist, skipping.
[2023-06-25T05:43:33.210+0000] {spark_submit.py:492} INFO - 23/06/25 05:43:33 WARN DependencyUtils: Local jar /opt/spark/jars/aws-java-sdk-bundle-1.11.375.jar does not exist, skipping.
[2023-06-25T05:43:34.280+0000] {spark_submit.py:492} INFO - 23/06/25 05:43:34 INFO SparkContext: Running Spark version 3.2.0
[2023-06-25T05:43:34.358+0000] {spark_submit.py:492} INFO - 23/06/25 05:43:34 WARN NativeCodeLoader: Unable to load native-hadoop library for your platform... using builtin-java classes where applicable
[2023-06-25T05:43:34.468+0000] {spark_submit.py:492} INFO - 23/06/25 05:43:34 INFO ResourceUtils: ==============================================================
[2023-06-25T05:43:34.468+0000] {spark_submit.py:492} INFO - 23/06/25 05:43:34 INFO ResourceUtils: No custom resources configured for spark.driver.
[2023-06-25T05:43:34.469+0000] {spark_submit.py:492} INFO - 23/06/25 05:43:34 INFO ResourceUtils: ==============================================================
[2023-06-25T05:43:34.470+0000] {spark_submit.py:492} INFO - 23/06/25 05:43:34 INFO SparkContext: Submitted application: arrow-spark
[2023-06-25T05:43:34.495+0000] {spark_submit.py:492} INFO - 23/06/25 05:43:34 INFO ResourceProfile: Default ResourceProfile created, executor resources: Map(cores -> name: cores, amount: 1, script: , vendor: , memory -> name: memory, amount: 1024, script: , vendor: , offHeap -> name: offHeap, amount: 0, script: , vendor: ), task resources: Map(cpus -> name: cpus, amount: 1.0)
[2023-06-25T05:43:34.509+0000] {spark_submit.py:492} INFO - 23/06/25 05:43:34 INFO ResourceProfile: Limiting resource is cpu
[2023-06-25T05:43:34.509+0000] {spark_submit.py:492} INFO - 23/06/25 05:43:34 INFO ResourceProfileManager: Added ResourceProfile id: 0
[2023-06-25T05:43:34.564+0000] {spark_submit.py:492} INFO - 23/06/25 05:43:34 INFO SecurityManager: Changing view acls to: default
[2023-06-25T05:43:34.564+0000] {spark_submit.py:492} INFO - 23/06/25 05:43:34 INFO SecurityManager: Changing modify acls to: default
[2023-06-25T05:43:34.565+0000] {spark_submit.py:492} INFO - 23/06/25 05:43:34 INFO SecurityManager: Changing view acls groups to:
[2023-06-25T05:43:34.565+0000] {spark_submit.py:492} INFO - 23/06/25 05:43:34 INFO SecurityManager: Changing modify acls groups to:
[2023-06-25T05:43:34.566+0000] {spark_submit.py:492} INFO - 23/06/25 05:43:34 INFO SecurityManager: SecurityManager: authentication disabled; ui acls disabled; users  with view permissions: Set(default); groups with view permissions: Set(); users  with modify permissions: Set(default); groups with modify permissions: Set()
[2023-06-25T05:43:34.857+0000] {spark_submit.py:492} INFO - 23/06/25 05:43:34 INFO Utils: Successfully started service 'sparkDriver' on port 37349.
[2023-06-25T05:43:34.884+0000] {spark_submit.py:492} INFO - 23/06/25 05:43:34 INFO SparkEnv: Registering MapOutputTracker
[2023-06-25T05:43:34.921+0000] {spark_submit.py:492} INFO - 23/06/25 05:43:34 INFO SparkEnv: Registering BlockManagerMaster
[2023-06-25T05:43:34.948+0000] {spark_submit.py:492} INFO - 23/06/25 05:43:34 INFO BlockManagerMasterEndpoint: Using org.apache.spark.storage.DefaultTopologyMapper for getting topology information
[2023-06-25T05:43:34.950+0000] {spark_submit.py:492} INFO - 23/06/25 05:43:34 INFO BlockManagerMasterEndpoint: BlockManagerMasterEndpoint up
[2023-06-25T05:43:34.957+0000] {spark_submit.py:492} INFO - 23/06/25 05:43:34 INFO SparkEnv: Registering BlockManagerMasterHeartbeat
[2023-06-25T05:43:34.991+0000] {spark_submit.py:492} INFO - 23/06/25 05:43:34 INFO DiskBlockManager: Created local directory at /tmp/blockmgr-cacf92b6-1078-46d3-bfc1-f19078433f71
[2023-06-25T05:43:35.022+0000] {spark_submit.py:492} INFO - 23/06/25 05:43:35 INFO MemoryStore: MemoryStore started with capacity 434.4 MiB
[2023-06-25T05:43:35.048+0000] {spark_submit.py:492} INFO - 23/06/25 05:43:35 INFO SparkEnv: Registering OutputCommitCoordinator
[2023-06-25T05:43:35.341+0000] {spark_submit.py:492} INFO - 23/06/25 05:43:35 WARN Utils: Service 'SparkUI' could not bind on port 4040. Attempting port 4041.
[2023-06-25T05:43:35.341+0000] {spark_submit.py:492} INFO - 23/06/25 05:43:35 WARN Utils: Service 'SparkUI' could not bind on port 4041. Attempting port 4042.
[2023-06-25T05:43:35.351+0000] {spark_submit.py:492} INFO - 23/06/25 05:43:35 INFO Utils: Successfully started service 'SparkUI' on port 4042.
[2023-06-25T05:43:35.434+0000] {spark_submit.py:492} INFO - 23/06/25 05:43:35 INFO SparkUI: Bound SparkUI to 0.0.0.0, and started at http://a8d69ab09d2d:4042
[2023-06-25T05:43:35.446+0000] {spark_submit.py:492} INFO - 23/06/25 05:43:35 INFO SparkContext: Added JAR local:///opt/spark/jars/hadoop-aws-3.2.0.jar at file:/opt/spark/jars/hadoop-aws-3.2.0.jar with timestamp 1687671814271
[2023-06-25T05:43:35.446+0000] {spark_submit.py:492} INFO - 23/06/25 05:43:35 INFO SparkContext: Added JAR local:///opt/spark/jars/aws-java-sdk-bundle-1.11.375.jar at file:/opt/spark/jars/aws-java-sdk-bundle-1.11.375.jar with timestamp 1687671814271
[2023-06-25T05:43:35.625+0000] {spark_submit.py:492} INFO - 23/06/25 05:43:35 INFO StandaloneAppClient$ClientEndpoint: Connecting to master spark://spark:7077...
[2023-06-25T05:43:35.712+0000] {spark_submit.py:492} INFO - 23/06/25 05:43:35 INFO TransportClientFactory: Successfully created connection to spark/172.19.0.9:7077 after 27 ms (0 ms spent in bootstraps)
[2023-06-25T05:43:35.814+0000] {spark_submit.py:492} INFO - 23/06/25 05:43:35 INFO StandaloneSchedulerBackend: Connected to Spark cluster with app ID app-20230625054335-0016
[2023-06-25T05:43:35.852+0000] {spark_submit.py:492} INFO - 23/06/25 05:43:35 INFO Utils: Successfully started service 'org.apache.spark.network.netty.NettyBlockTransferService' on port 33487.
[2023-06-25T05:43:35.852+0000] {spark_submit.py:492} INFO - 23/06/25 05:43:35 INFO NettyBlockTransferService: Server created on a8d69ab09d2d:33487
[2023-06-25T05:43:35.854+0000] {spark_submit.py:492} INFO - 23/06/25 05:43:35 INFO BlockManager: Using org.apache.spark.storage.RandomBlockReplicationPolicy for block replication policy
[2023-06-25T05:43:35.861+0000] {spark_submit.py:492} INFO - 23/06/25 05:43:35 INFO BlockManagerMaster: Registering BlockManager BlockManagerId(driver, a8d69ab09d2d, 33487, None)
[2023-06-25T05:43:35.866+0000] {spark_submit.py:492} INFO - 23/06/25 05:43:35 INFO BlockManagerMasterEndpoint: Registering block manager a8d69ab09d2d:33487 with 434.4 MiB RAM, BlockManagerId(driver, a8d69ab09d2d, 33487, None)
[2023-06-25T05:43:35.870+0000] {spark_submit.py:492} INFO - 23/06/25 05:43:35 INFO BlockManagerMaster: Registered BlockManager BlockManagerId(driver, a8d69ab09d2d, 33487, None)
[2023-06-25T05:43:35.872+0000] {spark_submit.py:492} INFO - 23/06/25 05:43:35 INFO BlockManager: Initialized BlockManager: BlockManagerId(driver, a8d69ab09d2d, 33487, None)
[2023-06-25T05:43:36.104+0000] {spark_submit.py:492} INFO - 23/06/25 05:43:36 INFO StandaloneSchedulerBackend: SchedulerBackend is ready for scheduling beginning after reached minRegisteredResourcesRatio: 0.0
[2023-06-25T05:43:36.356+0000] {spark_submit.py:492} INFO - 23/06/25 05:43:36 INFO SharedState: Setting hive.metastore.warehouse.dir ('null') to the value of spark.sql.warehouse.dir.
[2023-06-25T05:43:36.381+0000] {spark_submit.py:492} INFO - 23/06/25 05:43:36 INFO SharedState: Warehouse path is 'file:/opt/***/spark-warehouse'.
[2023-06-25T05:43:39.877+0000] {spark_submit.py:492} INFO - 23/06/25 05:43:39 INFO CodeGenerator: Code generated in 111.411106 ms
[2023-06-25T05:43:39.899+0000] {spark_submit.py:492} INFO - 23/06/25 05:43:39 INFO SparkContext: Starting job: showString at NativeMethodAccessorImpl.java:0
[2023-06-25T05:43:39.909+0000] {spark_submit.py:492} INFO - 23/06/25 05:43:39 INFO DAGScheduler: Got job 0 (showString at NativeMethodAccessorImpl.java:0) with 1 output partitions
[2023-06-25T05:43:39.910+0000] {spark_submit.py:492} INFO - 23/06/25 05:43:39 INFO DAGScheduler: Final stage: ResultStage 0 (showString at NativeMethodAccessorImpl.java:0)
[2023-06-25T05:43:39.910+0000] {spark_submit.py:492} INFO - 23/06/25 05:43:39 INFO DAGScheduler: Parents of final stage: List()
[2023-06-25T05:43:39.911+0000] {spark_submit.py:492} INFO - 23/06/25 05:43:39 INFO DAGScheduler: Missing parents: List()
[2023-06-25T05:43:39.913+0000] {spark_submit.py:492} INFO - 23/06/25 05:43:39 INFO DAGScheduler: Submitting ResultStage 0 (MapPartitionsRDD[6] at showString at NativeMethodAccessorImpl.java:0), which has no missing parents
[2023-06-25T05:43:39.984+0000] {spark_submit.py:492} INFO - 23/06/25 05:43:39 INFO MemoryStore: Block broadcast_0 stored as values in memory (estimated size 11.7 KiB, free 434.4 MiB)
[2023-06-25T05:43:40.008+0000] {spark_submit.py:492} INFO - 23/06/25 05:43:40 INFO MemoryStore: Block broadcast_0_piece0 stored as bytes in memory (estimated size 6.2 KiB, free 434.4 MiB)
[2023-06-25T05:43:40.011+0000] {spark_submit.py:492} INFO - 23/06/25 05:43:40 INFO BlockManagerInfo: Added broadcast_0_piece0 in memory on a8d69ab09d2d:33487 (size: 6.2 KiB, free: 434.4 MiB)
[2023-06-25T05:43:40.014+0000] {spark_submit.py:492} INFO - 23/06/25 05:43:40 INFO SparkContext: Created broadcast 0 from broadcast at DAGScheduler.scala:1427
[2023-06-25T05:43:40.023+0000] {spark_submit.py:492} INFO - 23/06/25 05:43:40 INFO DAGScheduler: Submitting 1 missing tasks from ResultStage 0 (MapPartitionsRDD[6] at showString at NativeMethodAccessorImpl.java:0) (first 15 tasks are for partitions Vector(0))
[2023-06-25T05:43:40.024+0000] {spark_submit.py:492} INFO - 23/06/25 05:43:40 INFO TaskSchedulerImpl: Adding task set 0.0 with 1 tasks resource profile 0
[2023-06-25T05:43:41.241+0000] {local_task_job.py:276} WARNING - State of this instance has been externally set to restarting. Terminating instance.
[2023-06-25T05:43:41.243+0000] {process_utils.py:129} INFO - Sending Signals.SIGTERM to group 23671. PIDs of all processes in the group: [23672, 23717, 23671]
[2023-06-25T05:43:41.243+0000] {process_utils.py:84} INFO - Sending the signal Signals.SIGTERM to group 23671
[2023-06-25T05:43:41.244+0000] {taskinstance.py:1482} ERROR - Received SIGTERM. Terminating subprocesses.
[2023-06-25T05:43:41.244+0000] {spark_submit.py:618} INFO - Sending kill signal to spark-submit
[2023-06-25T05:43:41.255+0000] {taskinstance.py:1775} ERROR - Task failed with exception
Traceback (most recent call last):
  File "/home/airflow/.local/lib/python3.8/site-packages/airflow/models/taskinstance.py", line 1523, in _execute_task_with_callbacks
    result = self._execute_task(context, task_orig)
  File "/home/airflow/.local/lib/python3.8/site-packages/airflow/models/taskinstance.py", line 1588, in _execute_task
    result = execute_callable(context=context)
  File "/home/airflow/.local/lib/python3.8/site-packages/airflow/providers/apache/spark/operators/spark_submit.py", line 157, in execute
    self._hook.submit(self._application)
  File "/home/airflow/.local/lib/python3.8/site-packages/airflow/providers/apache/spark/hooks/spark_submit.py", line 411, in submit
    self._process_spark_submit_log(iter(self._submit_sp.stdout))  # type: ignore
  File "/home/airflow/.local/lib/python3.8/site-packages/airflow/providers/apache/spark/hooks/spark_submit.py", line 460, in _process_spark_submit_log
    for line in itr:
  File "/home/airflow/.local/lib/python3.8/site-packages/airflow/models/taskinstance.py", line 1483, in signal_handler
    raise AirflowTermSignal("Task received SIGTERM signal")
airflow.exceptions.AirflowTermSignal: Task received SIGTERM signal

During handling of the above exception, another exception occurred:

Traceback (most recent call last):
  File "/home/airflow/.local/lib/python3.8/site-packages/airflow/models/taskinstance.py", line 1377, in _run_raw_task
    self._execute_task_with_callbacks(context, test_mode)
  File "/home/airflow/.local/lib/python3.8/site-packages/airflow/models/taskinstance.py", line 1530, in _execute_task_with_callbacks
    raise AirflowException("Task received SIGTERM signal")
airflow.exceptions.AirflowException: Task received SIGTERM signal
[2023-06-25T05:43:41.260+0000] {taskinstance.py:1321} INFO - Marking task as UP_FOR_RETRY. dag_id=spark_etl_minio_v11, task_id=spark_submit_task, execution_date=20230625T053732, start_date=20230625T054331, end_date=20230625T054341
[2023-06-25T05:43:41.271+0000] {standard_task_runner.py:100} ERROR - Failed to execute job 219 for task spark_submit_task (Task received SIGTERM signal; 23671)
[2023-06-25T05:43:41.296+0000] {process_utils.py:79} INFO - Process psutil.Process(pid=23671, status='terminated', exitcode=1, started='05:43:30') (23671) terminated with exit code 1
[2023-06-25T05:43:41.296+0000] {process_utils.py:79} INFO - Process psutil.Process(pid=23717, status='terminated', started='05:43:33') (23717) terminated with exit code None
[2023-06-25T05:43:41.296+0000] {process_utils.py:79} INFO - Process psutil.Process(pid=23672, status='terminated', started='05:43:31') (23672) terminated with exit code None
